[2016-11-09 12:30:37] local.ERROR: exception 'Symfony\Component\Console\Exception\RuntimeException' with message 'The "--plain" option does not exist.' in C:\OpenServer\domains\LaraveTest\vendor\symfony\console\Input\ArgvInput.php:216
Stack trace:
#0 C:\OpenServer\domains\LaraveTest\vendor\symfony\console\Input\ArgvInput.php(152): Symfony\Component\Console\Input\ArgvInput->addLongOption('plain', NULL)
#1 C:\OpenServer\domains\LaraveTest\vendor\symfony\console\Input\ArgvInput.php(84): Symfony\Component\Console\Input\ArgvInput->parseLongOption('--plain')
#2 C:\OpenServer\domains\LaraveTest\vendor\symfony\console\Input\Input.php(62): Symfony\Component\Console\Input\ArgvInput->parse()
#3 C:\OpenServer\domains\LaraveTest\vendor\symfony\console\Command\Command.php(221): Symfony\Component\Console\Input\Input->bind(Object(Symfony\Component\Console\Input\InputDefinition))
#4 C:\OpenServer\domains\LaraveTest\vendor\laravel\framework\src\Illuminate\Console\Command.php(155): Symfony\Component\Console\Command\Command->run(Object(Symfony\Component\Console\Input\ArgvInput), Object(Symfony\Component\Console\Output\ConsoleOutput))
#5 C:\OpenServer\domains\LaraveTest\vendor\symfony\console\Application.php(794): Illuminate\Console\Command->run(Object(Symfony\Component\Console\Input\ArgvInput), Object(Symfony\Component\Console\Output\ConsoleOutput))
#6 C:\OpenServer\domains\LaraveTest\vendor\symfony\console\Application.php(186): Symfony\Component\Console\Application->doRunCommand(Object(Illuminate\Routing\Console\ControllerMakeCommand), Object(Symfony\Component\Console\Input\ArgvInput), Object(Symfony\Component\Console\Output\ConsoleOutput))
#7 C:\OpenServer\domains\LaraveTest\vendor\symfony\console\Application.php(117): Symfony\Component\Console\Application->doRun(Object(Symfony\Component\Console\Input\ArgvInput), Object(Symfony\Component\Console\Output\ConsoleOutput))
#8 C:\OpenServer\domains\LaraveTest\vendor\laravel\framework\src\Illuminate\Foundation\Console\Kernel.php(107): Symfony\Component\Console\Application->run(Object(Symfony\Component\Console\Input\ArgvInput), Object(Symfony\Component\Console\Output\ConsoleOutput))
#9 C:\OpenServer\domains\LaraveTest\artisan(36): Illuminate\Foundation\Console\Kernel->handle(Object(Symfony\Component\Console\Input\ArgvInput), Object(Symfony\Component\Console\Output\ConsoleOutput))
#10 {main}  
[2016-11-09 12:32:53] local.ERROR: exception 'Symfony\Component\Console\Exception\RuntimeException' with message 'The "--plain" option does not exist.' in C:\OpenServer\domains\LaraveTest\vendor\symfony\console\Input\ArgvInput.php:216
Stack trace:
#0 C:\OpenServer\domains\LaraveTest\vendor\symfony\console\Input\ArgvInput.php(152): Symfony\Component\Console\Input\ArgvInput->addLongOption('plain', NULL)
#1 C:\OpenServer\domains\LaraveTest\vendor\symfony\console\Input\ArgvInput.php(84): Symfony\Component\Console\Input\ArgvInput->parseLongOption('--plain')
#2 C:\OpenServer\domains\LaraveTest\vendor\symfony\console\Input\Input.php(62): Symfony\Component\Console\Input\ArgvInput->parse()
#3 C:\OpenServer\domains\LaraveTest\vendor\symfony\console\Command\Command.php(221): Symfony\Component\Console\Input\Input->bind(Object(Symfony\Component\Console\Input\InputDefinition))
#4 C:\OpenServer\domains\LaraveTest\vendor\laravel\framework\src\Illuminate\Console\Command.php(155): Symfony\Component\Console\Command\Command->run(Object(Symfony\Component\Console\Input\ArgvInput), Object(Symfony\Component\Console\Output\ConsoleOutput))
#5 C:\OpenServer\domains\LaraveTest\vendor\symfony\console\Application.php(794): Illuminate\Console\Command->run(Object(Symfony\Component\Console\Input\ArgvInput), Object(Symfony\Component\Console\Output\ConsoleOutput))
#6 C:\OpenServer\domains\LaraveTest\vendor\symfony\console\Application.php(186): Symfony\Component\Console\Application->doRunCommand(Object(Illuminate\Routing\Console\ControllerMakeCommand), Object(Symfony\Component\Console\Input\ArgvInput), Object(Symfony\Component\Console\Output\ConsoleOutput))
#7 C:\OpenServer\domains\LaraveTest\vendor\symfony\console\Application.php(117): Symfony\Component\Console\Application->doRun(Object(Symfony\Component\Console\Input\ArgvInput), Object(Symfony\Component\Console\Output\ConsoleOutput))
#8 C:\OpenServer\domains\LaraveTest\vendor\laravel\framework\src\Illuminate\Foundation\Console\Kernel.php(107): Symfony\Component\Console\Application->run(Object(Symfony\Component\Console\Input\ArgvInput), Object(Symfony\Component\Console\Output\ConsoleOutput))
#9 C:\OpenServer\domains\LaraveTest\artisan(36): Illuminate\Foundation\Console\Kernel->handle(Object(Symfony\Component\Console\Input\ArgvInput), Object(Symfony\Component\Console\Output\ConsoleOutput))
#10 {main}  
[2016-11-09 12:33:13] local.ERROR: exception 'Symfony\Component\Console\Exception\CommandNotFoundException' with message 'Command "make:controller--plain" is not defined.

Did you mean one of these?
    make:controller
    make:request
    make:provider
    make:seeder
    make:test
    make:migration
    make:policy
    make:middleware
    make:event
    make:console
    make:job
    make:listener
    make:auth
    make:model' in C:\OpenServer\domains\LaraveTest\vendor\symfony\console\Application.php:515
Stack trace:
#0 C:\OpenServer\domains\LaraveTest\vendor\symfony\console\Application.php(183): Symfony\Component\Console\Application->find('make:controller...')
#1 C:\OpenServer\domains\LaraveTest\vendor\symfony\console\Application.php(117): Symfony\Component\Console\Application->doRun(Object(Symfony\Component\Console\Input\ArgvInput), Object(Symfony\Component\Console\Output\ConsoleOutput))
#2 C:\OpenServer\domains\LaraveTest\vendor\laravel\framework\src\Illuminate\Foundation\Console\Kernel.php(107): Symfony\Component\Console\Application->run(Object(Symfony\Component\Console\Input\ArgvInput), Object(Symfony\Component\Console\Output\ConsoleOutput))
#3 C:\OpenServer\domains\LaraveTest\artisan(36): Illuminate\Foundation\Console\Kernel->handle(Object(Symfony\Component\Console\Input\ArgvInput), Object(Symfony\Component\Console\Output\ConsoleOutput))
#4 {main}  
[2016-11-09 12:33:36] local.ERROR: exception 'Symfony\Component\Console\Exception\RuntimeException' with message 'Too many arguments, expected arguments "command" "name".' in C:\OpenServer\domains\LaraveTest\vendor\symfony\console\Input\ArgvInput.php:181
Stack trace:
#0 C:\OpenServer\domains\LaraveTest\vendor\symfony\console\Input\ArgvInput.php(88): Symfony\Component\Console\Input\ArgvInput->parseArgument('NameController')
#1 C:\OpenServer\domains\LaraveTest\vendor\symfony\console\Input\Input.php(62): Symfony\Component\Console\Input\ArgvInput->parse()
#2 C:\OpenServer\domains\LaraveTest\vendor\symfony\console\Command\Command.php(221): Symfony\Component\Console\Input\Input->bind(Object(Symfony\Component\Console\Input\InputDefinition))
#3 C:\OpenServer\domains\LaraveTest\vendor\laravel\framework\src\Illuminate\Console\Command.php(155): Symfony\Component\Console\Command\Command->run(Object(Symfony\Component\Console\Input\ArgvInput), Object(Symfony\Component\Console\Output\ConsoleOutput))
#4 C:\OpenServer\domains\LaraveTest\vendor\symfony\console\Application.php(794): Illuminate\Console\Command->run(Object(Symfony\Component\Console\Input\ArgvInput), Object(Symfony\Component\Console\Output\ConsoleOutput))
#5 C:\OpenServer\domains\LaraveTest\vendor\symfony\console\Application.php(186): Symfony\Component\Console\Application->doRunCommand(Object(Illuminate\Routing\Console\ControllerMakeCommand), Object(Symfony\Component\Console\Input\ArgvInput), Object(Symfony\Component\Console\Output\ConsoleOutput))
#6 C:\OpenServer\domains\LaraveTest\vendor\symfony\console\Application.php(117): Symfony\Component\Console\Application->doRun(Object(Symfony\Component\Console\Input\ArgvInput), Object(Symfony\Component\Console\Output\ConsoleOutput))
#7 C:\OpenServer\domains\LaraveTest\vendor\laravel\framework\src\Illuminate\Foundation\Console\Kernel.php(107): Symfony\Component\Console\Application->run(Object(Symfony\Component\Console\Input\ArgvInput), Object(Symfony\Component\Console\Output\ConsoleOutput))
#8 C:\OpenServer\domains\LaraveTest\artisan(36): Illuminate\Foundation\Console\Kernel->handle(Object(Symfony\Component\Console\Input\ArgvInput), Object(Symfony\Component\Console\Output\ConsoleOutput))
#9 {main}  
[2016-11-09 12:34:28] local.ERROR: exception 'Symfony\Component\Console\Exception\RuntimeException' with message 'Too many arguments, expected arguments "command" "name".' in C:\OpenServer\domains\LaraveTest\vendor\symfony\console\Input\ArgvInput.php:181
Stack trace:
#0 C:\OpenServer\domains\LaraveTest\vendor\symfony\console\Input\ArgvInput.php(88): Symfony\Component\Console\Input\ArgvInput->parseArgument('NamController')
#1 C:\OpenServer\domains\LaraveTest\vendor\symfony\console\Input\Input.php(62): Symfony\Component\Console\Input\ArgvInput->parse()
#2 C:\OpenServer\domains\LaraveTest\vendor\symfony\console\Command\Command.php(221): Symfony\Component\Console\Input\Input->bind(Object(Symfony\Component\Console\Input\InputDefinition))
#3 C:\OpenServer\domains\LaraveTest\vendor\laravel\framework\src\Illuminate\Console\Command.php(155): Symfony\Component\Console\Command\Command->run(Object(Symfony\Component\Console\Input\ArgvInput), Object(Symfony\Component\Console\Output\ConsoleOutput))
#4 C:\OpenServer\domains\LaraveTest\vendor\symfony\console\Application.php(794): Illuminate\Console\Command->run(Object(Symfony\Component\Console\Input\ArgvInput), Object(Symfony\Component\Console\Output\ConsoleOutput))
#5 C:\OpenServer\domains\LaraveTest\vendor\symfony\console\Application.php(186): Symfony\Component\Console\Application->doRunCommand(Object(Illuminate\Routing\Console\ControllerMakeCommand), Object(Symfony\Component\Console\Input\ArgvInput), Object(Symfony\Component\Console\Output\ConsoleOutput))
#6 C:\OpenServer\domains\LaraveTest\vendor\symfony\console\Application.php(117): Symfony\Component\Console\Application->doRun(Object(Symfony\Component\Console\Input\ArgvInput), Object(Symfony\Component\Console\Output\ConsoleOutput))
#7 C:\OpenServer\domains\LaraveTest\vendor\laravel\framework\src\Illuminate\Foundation\Console\Kernel.php(107): Symfony\Component\Console\Application->run(Object(Symfony\Component\Console\Input\ArgvInput), Object(Symfony\Component\Console\Output\ConsoleOutput))
#8 C:\OpenServer\domains\LaraveTest\artisan(36): Illuminate\Foundation\Console\Kernel->handle(Object(Symfony\Component\Console\Input\ArgvInput), Object(Symfony\Component\Console\Output\ConsoleOutput))
#9 {main}  
[2016-11-09 12:34:43] local.ERROR: exception 'Symfony\Component\Console\Exception\CommandNotFoundException' with message 'Command "make:controller--plain" is not defined.

Did you mean one of these?
    make:controller
    make:request
    make:provider
    make:seeder
    make:test
    make:migration
    make:policy
    make:middleware
    make:event
    make:console
    make:job
    make:listener
    make:auth
    make:model' in C:\OpenServer\domains\LaraveTest\vendor\symfony\console\Application.php:515
Stack trace:
#0 C:\OpenServer\domains\LaraveTest\vendor\symfony\console\Application.php(183): Symfony\Component\Console\Application->find('make:controller...')
#1 C:\OpenServer\domains\LaraveTest\vendor\symfony\console\Application.php(117): Symfony\Component\Console\Application->doRun(Object(Symfony\Component\Console\Input\ArgvInput), Object(Symfony\Component\Console\Output\ConsoleOutput))
#2 C:\OpenServer\domains\LaraveTest\vendor\laravel\framework\src\Illuminate\Foundation\Console\Kernel.php(107): Symfony\Component\Console\Application->run(Object(Symfony\Component\Console\Input\ArgvInput), Object(Symfony\Component\Console\Output\ConsoleOutput))
#3 C:\OpenServer\domains\LaraveTest\artisan(36): Illuminate\Foundation\Console\Kernel->handle(Object(Symfony\Component\Console\Input\ArgvInput), Object(Symfony\Component\Console\Output\ConsoleOutput))
#4 {main}  
[2016-11-09 13:11:52] local.ERROR: exception 'Symfony\Component\Debug\Exception\FatalErrorException' with message 'syntax error, unexpected 'Тюлени' (T_STRING)' in C:\OpenServer\domains\LaraveTest\app\Http\routes.php:19
Stack trace:
#0 {main}  
[2016-11-09 13:14:59] local.ERROR: exception 'Symfony\Component\Debug\Exception\FatalErrorException' with message 'syntax error, unexpected 'Тюлени' (T_STRING)' in C:\OpenServer\domains\LaraveTest\app\Http\routes.php:19
Stack trace:
#0 {main}  
